Netgen 1.5.295 compiled on Tue Jul 29 09:38:25 AM CEST 2025
Warning: netgen command 'format' use fully-qualified name '::netgen::format'
Warning: netgen command 'global' use fully-qualified name '::netgen::global'
Reading netlist file /foss/designs/TTSKY25a_ITS_BGR/mag/bgr_op5_block_rev2.ext.spc
Call to undefined subcircuit sky130_fd_pr__nfet_01v8
Creating placeholder cell definition.
Call to undefined subcircuit sky130_fd_pr__res_high_po_0p35
Creating placeholder cell definition.
Call to undefined subcircuit sky130_fd_pr__pfet_01v8
Creating placeholder cell definition.
Call to undefined subcircuit sky130_fd_pr__nfet_01v8_lvt
Creating placeholder cell definition.
Call to undefined subcircuit sky130_fd_pr__pnp_05v5_W3p40L3p40
Creating placeholder cell definition.
Call to undefined subcircuit sky130_fd_pr__cap_mim_m3_1
Creating placeholder cell definition.
Reading netlist file /foss/designs/TTSKY25a_ITS_BGR/mag/bgr_op5_block_rev2.sch.spc

Reading setup file /foss/pdks/sky130A/libs.tech/netgen/sky130A_setup.tcl

Model sky130_fd_pr__res_high_po_0p35 pin 1 == 2
No property w found for device sky130_fd_pr__res_high_po_0p35
No property w found for device sky130_fd_pr__res_high_po_0p35
No property value found for device sky130_fd_pr__res_high_po_0p35
No property w found for device sky130_fd_pr__res_high_po_0p35
No property mult found for device sky130_fd_pr__res_high_po_0p35
Model sky130_fd_pr__nfet_01v8 pin 1 == 3
No property mult found for device sky130_fd_pr__nfet_01v8
No property sa found for device sky130_fd_pr__nfet_01v8
No property sb found for device sky130_fd_pr__nfet_01v8
No property sd found for device sky130_fd_pr__nfet_01v8
No property nf found for device sky130_fd_pr__nfet_01v8
No property nrd found for device sky130_fd_pr__nfet_01v8
No property nrs found for device sky130_fd_pr__nfet_01v8
No property area found for device sky130_fd_pr__nfet_01v8
No property perim found for device sky130_fd_pr__nfet_01v8
No property topography found for device sky130_fd_pr__nfet_01v8
Model sky130_fd_pr__nfet_01v8_lvt pin 1 == 3
No property mult found for device sky130_fd_pr__nfet_01v8_lvt
No property sa found for device sky130_fd_pr__nfet_01v8_lvt
No property sb found for device sky130_fd_pr__nfet_01v8_lvt
No property sd found for device sky130_fd_pr__nfet_01v8_lvt
No property nf found for device sky130_fd_pr__nfet_01v8_lvt
No property nrd found for device sky130_fd_pr__nfet_01v8_lvt
No property nrs found for device sky130_fd_pr__nfet_01v8_lvt
No property area found for device sky130_fd_pr__nfet_01v8_lvt
No property perim found for device sky130_fd_pr__nfet_01v8_lvt
No property topography found for device sky130_fd_pr__nfet_01v8_lvt
Model sky130_fd_pr__pfet_01v8 pin 1 == 3
No property mult found for device sky130_fd_pr__pfet_01v8
No property sa found for device sky130_fd_pr__pfet_01v8
No property sb found for device sky130_fd_pr__pfet_01v8
No property sd found for device sky130_fd_pr__pfet_01v8
No property nf found for device sky130_fd_pr__pfet_01v8
No property nrd found for device sky130_fd_pr__pfet_01v8
No property nrs found for device sky130_fd_pr__pfet_01v8
No property area found for device sky130_fd_pr__pfet_01v8
No property perim found for device sky130_fd_pr__pfet_01v8
No property topography found for device sky130_fd_pr__pfet_01v8
No property area found for device sky130_fd_pr__cap_mim_m3_1
No property value found for device sky130_fd_pr__cap_mim_m3_1
No property mult found for device sky130_fd_pr__cap_mim_m3_1
No property perim found for device sky130_fd_pr__cap_mim_m3_1
No property mf found for device sky130_fd_pr__cap_mim_m3_1
No property mult found for device sky130_fd_pr__pnp_05v5_W3p40L3p40
No property mult found for device sky130_fd_pr__rf_pnp_05v5_W3p40L3p40
Comparison output logged to file /foss/designs/TTSKY25a_ITS_BGR/mag/bgr_op5_block_rev2.lvs.out
Logging to file "/foss/designs/TTSKY25a_ITS_BGR/mag/bgr_op5_block_rev2.lvs.out" enabled

Contents of circuit 1:  Circuit: 'bgr_op5_block_rev2'
Circuit bgr_op5_block_rev2 contains 337 device instances.
  Class: sky130_fd_pr__nfet_01v8 instances:  32
  Class: sky130_fd_pr__cap_mim_m3_1 instances:  16
  Class: sky130_fd_pr__nfet_01v8_lvt instances:  40
  Class: sky130_fd_pr__pnp_05v5_W3p40L3p40 instances:  25
  Class: sky130_fd_pr__pfet_01v8 instances:  64
  Class: sky130_fd_pr__res_high_po_0p35 instances: 160
Circuit contains 128 nets.
Contents of circuit 2:  Circuit: 'bgr_op5_block_rev2'
Circuit bgr_op5_block_rev2 contains 0 device instances.
Circuit contains 0 nets, and 14 disconnected pins.

Circuit bgr_op5_block_rev2 contains no devices.

Final result: 
Verify:  cell /foss/designs/TTSKY25a_ITS_BGR/mag/bgr_op5_block_rev2.sch.spc has no elements and/or nodes.  Not checked.
Logging to file "/foss/designs/TTSKY25a_ITS_BGR/mag/bgr_op5_block_rev2.lvs.out" disabled
LVS Done.
